#
# There is insufficient memory for the Java Runtime Environment to continue.
# Native memory allocation (mmap) failed to map 72351744 bytes for committing reserved memory.
# Possible reasons:
#   The system is out of physical RAM or swap space
#   In 32 bit mode, the process size limit was hit
# Possible solutions:
#   Reduce memory load on the system
#   Increase physical memory or swap space
#   Check if swap backing store is full
#   Use 64 bit Java on a 64 bit OS
#   Decrease Java heap size (-Xmx/-Xms)
#   Decrease number of Java threads
#   Decrease Java thread stack sizes (-Xss)
#   Set larger code cache with -XX:ReservedCodeCacheSize=
# This output file may be truncated or incomplete.
#
#  Out of Memory Error (os_linux.cpp:2627), pid=8785, tid=139864029607680
#
# JRE version: Java(TM) SE Runtime Environment (8.0_91-b14) (build 1.8.0_91-b14)
# Java VM: Java HotSpot(TM) 64-Bit Server VM (25.91-b14 mixed mode linux-amd64 compressed oops)
# Failed to write core dump. Core dumps have been disabled. To enable core dumping, try "ulimit -c unlimited" before starting Java again
#

---------------  T H R E A D  ---------------

Current thread (0x00007f34b4078000):  VMThread [stack: 0x00007f34a1bd3000,0x00007f34a1cd4000] [id=8794]

Stack: [0x00007f34a1bd3000,0x00007f34a1cd4000],  sp=0x00007f34a1cd2060,  free space=1020k
Native frames: (J=compiled Java code, j=interpreted, Vv=VM code, C=native code)
V  [libjvm.so+0xabc18a]  VMError::report_and_die()+0x2ba
V  [libjvm.so+0x4fafeb]  report_vm_out_of_memory(char const*, int, unsigned long, VMErrorType, char const*)+0x8b
V  [libjvm.so+0x91cbb3]  os::Linux::commit_memory_impl(char*, unsigned long, bool)+0x103
V  [libjvm.so+0x91d109]  os::pd_commit_memory(char*, unsigned long, unsigned long, bool)+0x29
V  [libjvm.so+0x91740a]  os::commit_memory(char*, unsigned long, unsigned long, bool)+0x2a
V  [libjvm.so+0x98b033]  PSVirtualSpace::expand_by(unsigned long)+0x53
V  [libjvm.so+0x98c438]  PSYoungGen::resize_generation(unsigned long, unsigned long)+0xf8
V  [libjvm.so+0x98b592]  PSYoungGen::resize(unsigned long, unsigned long)+0x22
V  [libjvm.so+0x98886b]  PSScavenge::invoke_no_policy()+0xf3b
V  [libjvm.so+0x988ff1]  PSScavenge::invoke()+0x41
V  [libjvm.so+0x9408b0]  ParallelScavengeHeap::failed_mem_allocate(unsigned long)+0x70
V  [libjvm.so+0xabdba7]  VM_ParallelGCFailedAllocation::doit()+0x97
V  [libjvm.so+0xac55d5]  VM_Operation::evaluate()+0x55
V  [libjvm.so+0xac39aa]  VMThread::evaluate_operation(VM_Operation*)+0xba
V  [libjvm.so+0xac3d2e]  VMThread::loop()+0x1ce
V  [libjvm.so+0xac41a0]  VMThread::run()+0x70
V  [libjvm.so+0x91ef78]  java_start(Thread*)+0x108

VM_Operation (0x00007f34a0eeca30): ParallelGCFailedAllocation, mode: safepoint, requested by thread 0x00007f34b414d000


---------------  P R O C E S S  ---------------

Java Threads: ( => current thread )
  0x00007f34b414f800 JavaThread "pool-2-thread-4" [_thread_blocked, id=8808, stack(0x00007f34a0bec000,0x00007f34a0ced000)]
  0x00007f34b414e000 JavaThread "pool-2-thread-3" [_thread_blocked, id=8807, stack(0x00007f34a0ced000,0x00007f34a0dee000)]
  0x00007f34b414d000 JavaThread "pool-2-thread-2" [_thread_blocked, id=8806, stack(0x00007f34a0dee000,0x00007f34a0eef000)]
  0x00007f34b414b000 JavaThread "pool-3-thread-1" [_thread_blocked, id=8805, stack(0x00007f34a0eef000,0x00007f34a0ff0000)]
  0x00007f34b4148800 JavaThread "pool-2-thread-1" [_thread_blocked, id=8804, stack(0x00007f34a0ff0000,0x00007f34a10f1000)]
  0x00007f34b40c0800 JavaThread "Service Thread" daemon [_thread_blocked, id=8801, stack(0x00007f34a1201000,0x00007f34a1302000)]
  0x00007f34b40bd800 JavaThread "C1 CompilerThread2" daemon [_thread_blocked, id=8800, stack(0x00007f34a1302000,0x00007f34a1403000)]
  0x00007f34b40bb800 JavaThread "C2 CompilerThread1" daemon [_thread_blocked, id=8799, stack(0x00007f34a1403000,0x00007f34a1504000)]
  0x00007f34b40b9000 JavaThread "C2 CompilerThread0" daemon [_thread_blocked, id=8798, stack(0x00007f34a1504000,0x00007f34a1605000)]
  0x00007f34b40b7800 JavaThread "Signal Dispatcher" daemon [_thread_blocked, id=8797, stack(0x00007f34a1605000,0x00007f34a1706000)]
  0x00007f34b4084000 JavaThread "Finalizer" daemon [_thread_blocked, id=8796, stack(0x00007f34a19d1000,0x00007f34a1ad2000)]
  0x00007f34b407f800 JavaThread "Reference Handler" daemon [_thread_blocked, id=8795, stack(0x00007f34a1ad2000,0x00007f34a1bd3000)]
  0x00007f34b400a000 JavaThread "main" [_thread_blocked, id=8787, stack(0x00007f34bc278000,0x00007f34bc379000)]

Other Threads:
=>0x00007f34b4078000 VMThread [stack: 0x00007f34a1bd3000,0x00007f34a1cd4000] [id=8794]
  0x00007f34b40c3800 WatcherThread [stack: 0x00007f34a1100000,0x00007f34a1201000] [id=8802]

VM state:at safepoint (normal execution)

VM Mutex/Monitor currently owned by a thread:  ([mutex/lock_event])
[0x00007f34b4006570] Threads_lock - owner thread: 0x00007f34b4078000
[0x00007f34b4006a70] Heap_lock - owner thread: 0x00007f34b414d000

Heap:
 PSYoungGen      total 71680K, used 9206K [0x00000000eab00000, 0x00000000efb00000, 0x0000000100000000)
  eden space 62464K, 0% used [0x00000000eab00000,0x00000000eab00000,0x00000000ee800000)
  from space 9216K, 99% used [0x00000000ee800000,0x00000000ef0fdb00,0x00000000ef100000)
  to   space 8192K, 0% used [0x00000000ef100000,0x00000000ef100000,0x00000000ef900000)
 ParOldGen       total 42496K, used 19361K [0x00000000c0000000, 0x00000000c2980000, 0x00000000eab00000)
  object space 42496K, 45% used [0x00000000c0000000,0x00000000c12e8438,0x00000000c2980000)
 Metaspace       used 6354K, capacity 7192K, committed 7424K, reserved 1056768K
  class space    used 614K, capacity 656K, committed 768K, reserved 1048576K

Card table byte_map: [0x00007f34b8e3d000,0x00007f34b903e000] byte_map_base: 0x00007f34b883d000

Marking Bits: (ParMarkBitMap*) 0x00007f34bb754d60
 Begin Bits: [0x00007f34a3000000, 0x00007f34a4000000)
 End Bits:   [0x00007f34a4000000, 0x00007f34a5000000)

Polling page: 0x00007f34bc39d000

CodeCache: size=245760Kb used=8261Kb max_used=8277Kb free=237498Kb
 bounds [0x00007f34a5000000, 0x00007f34a5820000, 0x00007f34b4000000]
 total_blobs=2104 nmethods=1835 adapters=182
 compilation: enabled

Compilation events (10 events):
Event: 139,684 Thread 0x00007f34b40bd800 2095   !   2       java.util.concurrent.ThreadPoolExecutor::getTask (179 bytes)
Event: 139,685 Thread 0x00007f34b40bd800 nmethod 2095 0x00007f34a58166d0 code [0x00007f34a58168a0, 0x00007f34a5816e98]
Event: 139,685 Thread 0x00007f34b40bd800 2096       2       java.util.concurrent.locks.ReentrantLock::lockInterruptibly (9 bytes)
Event: 139,686 Thread 0x00007f34b40bd800 nmethod 2096 0x00007f34a58160d0 code [0x00007f34a5816260, 0x00007f34a58164f8]
Event: 139,686 Thread 0x00007f34b40bd800 2097       2       java.util.concurrent.locks.AbstractQueuedSynchronizer::acquireInterruptibly (28 bytes)
Event: 139,686 Thread 0x00007f34b40bd800 nmethod 2097 0x00007f34a57f3cd0 code [0x00007f34a57f3e60, 0x00007f34a57f40d8]
Event: 139,689 Thread 0x00007f34b40b9000 nmethod 2082 0x00007f34a57f3710 code [0x00007f34a57f3880, 0x00007f34a57f3a58]
Event: 139,689 Thread 0x00007f34b40b9000 2084       4       com.android.dx.cf.code.BasicBlocker::getBlockList (208 bytes)
Event: 139,724 Thread 0x00007f34b40b9000 nmethod 2084 0x00007f34a581a0d0 code [0x00007f34a581a340, 0x00007f34a581ba08]
Event: 139,724 Thread 0x00007f34b40b9000 2093       4       com.android.dx.ssa.back.IdenticalBlockCombiner::combineBlocks (102 bytes)

GC Heap History (10 events):
Event: 8,435 GC heap after
Heap after GC invocations=2 (full 0):
 PSYoungGen      total 18432K, used 2529K [0x00000000eab00000, 0x00000000ebf80000, 0x0000000100000000)
  eden space 15872K, 0% used [0x00000000eab00000,0x00000000eab00000,0x00000000eba80000)
  from space 2560K, 98% used [0x00000000ebd00000,0x00000000ebf786b8,0x00000000ebf80000)
  to   space 2560K, 0% used [0x00000000eba80000,0x00000000eba80000,0x00000000ebd00000)
 ParOldGen       total 42496K, used 2720K [0x00000000c0000000, 0x00000000c2980000, 0x00000000eab00000)
  object space 42496K, 6% used [0x00000000c0000000,0x00000000c02a8188,0x00000000c2980000)
 Metaspace       used 5880K, capacity 6832K, committed 7040K, reserved 1056768K
  class space    used 592K, capacity 616K, committed 640K, reserved 1048576K
}
Event: 17,620 GC heap before
{Heap before GC invocations=3 (full 0):
 PSYoungGen      total 18432K, used 18401K [0x00000000eab00000, 0x00000000ebf80000, 0x0000000100000000)
  eden space 15872K, 100% used [0x00000000eab00000,0x00000000eba80000,0x00000000eba80000)
  from space 2560K, 98% used [0x00000000ebd00000,0x00000000ebf786b8,0x00000000ebf80000)
  to   space 2560K, 0% used [0x00000000eba80000,0x00000000eba80000,0x00000000ebd00000)
 ParOldGen       total 42496K, used 2720K [0x00000000c0000000, 0x00000000c2980000, 0x00000000eab00000)
  object space 42496K, 6% used [0x00000000c0000000,0x00000000c02a8188,0x00000000c2980000)
 Metaspace       used 6028K, capacity 6960K, committed 7040K, reserved 1056768K
  class space    used 592K, capacity 616K, committed 640K, reserved 1048576K
Event: 34,543 GC heap after
Heap after GC invocations=3 (full 0):
 PSYoungGen      total 18432K, used 2554K [0x00000000eab00000, 0x00000000ecf00000, 0x0000000100000000)
  eden space 15872K, 0% used [0x00000000eab00000,0x00000000eab00000,0x00000000eba80000)
  from space 2560K, 99% used [0x00000000eba80000,0x00000000ebcfe980,0x00000000ebd00000)
  to   space 2560K, 0% used [0x00000000ecc80000,0x00000000ecc80000,0x00000000ecf00000)
 ParOldGen       total 42496K, used 5177K [0x00000000c0000000, 0x00000000c2980000, 0x00000000eab00000)
  object space 42496K, 12% used [0x00000000c0000000,0x00000000c050e5b0,0x00000000c2980000)
 Metaspace       used 6028K, capacity 6960K, committed 7040K, reserved 1056768K
  class space    used 592K, capacity 616K, committed 640K, reserved 1048576K
}
Event: 134,104 GC heap before
{Heap before GC invocations=4 (full 0):
 PSYoungGen      total 18432K, used 18426K [0x00000000eab00000, 0x00000000ecf00000, 0x0000000100000000)
  eden space 15872K, 100% used [0x00000000eab00000,0x00000000eba80000,0x00000000eba80000)
  from space 2560K, 99% used [0x00000000eba80000,0x00000000ebcfe980,0x00000000ebd00000)
  to   space 2560K, 0% used [0x00000000ecc80000,0x00000000ecc80000,0x00000000ecf00000)
 ParOldGen       total 42496K, used 5177K [0x00000000c0000000, 0x00000000c2980000, 0x00000000eab00000)
  object space 42496K, 12% used [0x00000000c0000000,0x00000000c050e5b0,0x00000000c2980000)
 Metaspace       used 6093K, capacity 7024K, committed 7296K, reserved 1056768K
  class space    used 593K, capacity 616K, committed 640K, reserved 1048576K
Event: 134,150 GC heap after
Heap after GC invocations=4 (full 0):
 PSYoungGen      total 34304K, used 2534K [0x00000000eab00000, 0x00000000ecf00000, 0x0000000100000000)
  eden space 31744K, 0% used [0x00000000eab00000,0x00000000eab00000,0x00000000eca00000)
  from space 2560K, 99% used [0x00000000ecc80000,0x00000000ecef9b30,0x00000000ecf00000)
  to   space 2560K, 0% used [0x00000000eca00000,0x00000000eca00000,0x00000000ecc80000)
 ParOldGen       total 42496K, used 7685K [0x00000000c0000000, 0x00000000c2980000, 0x00000000eab00000)
  object space 42496K, 18% used [0x00000000c0000000,0x00000000c07815d0,0x00000000c2980000)
 Metaspace       used 6093K, capacity 7024K, committed 7296K, reserved 1056768K
  class space    used 593K, capacity 616K, committed 640K, reserved 1048576K
}
Event: 135,470 GC heap before
{Heap before GC invocations=5 (full 0):
 PSYoungGen      total 34304K, used 34278K [0x00000000eab00000, 0x00000000ecf00000, 0x0000000100000000)
  eden space 31744K, 100% used [0x00000000eab00000,0x00000000eca00000,0x00000000eca00000)
  from space 2560K, 99% used [0x00000000ecc80000,0x00000000ecef9b30,0x00000000ecf00000)
  to   space 2560K, 0% used [0x00000000eca00000,0x00000000eca00000,0x00000000ecc80000)
 ParOldGen       total 42496K, used 7685K [0x00000000c0000000, 0x00000000c2980000, 0x00000000eab00000)
  object space 42496K, 18% used [0x00000000c0000000,0x00000000c07815d0,0x00000000c2980000)
 Metaspace       used 6189K, capacity 7088K, committed 7296K, reserved 1056768K
  class space    used 593K, capacity 616K, committed 640K, reserved 1048576K
Event: 135,491 GC heap after
Heap after GC invocations=5 (full 0):
 PSYoungGen      total 34304K, used 2551K [0x00000000eab00000, 0x00000000ef900000, 0x0000000100000000)
  eden space 31744K, 0% used [0x00000000eab00000,0x00000000eab00000,0x00000000eca00000)
  from space 2560K, 99% used [0x00000000eca00000,0x00000000ecc7dd08,0x00000000ecc80000)
  to   space 8192K, 0% used [0x00000000ef100000,0x00000000ef100000,0x00000000ef900000)
 ParOldGen       total 42496K, used 12910K [0x00000000c0000000, 0x00000000c2980000, 0x00000000eab00000)
  object space 42496K, 30% used [0x00000000c0000000,0x00000000c0c9bb98,0x00000000c2980000)
 Metaspace       used 6189K, capacity 7088K, committed 7296K, reserved 1056768K
  class space    used 593K, capacity 616K, committed 640K, reserved 1048576K
}
Event: 135,626 GC heap before
{Heap before GC invocations=6 (full 0):
 PSYoungGen      total 34304K, used 34295K [0x00000000eab00000, 0x00000000ef900000, 0x0000000100000000)
  eden space 31744K, 100% used [0x00000000eab00000,0x00000000eca00000,0x00000000eca00000)
  from space 2560K, 99% used [0x00000000eca00000,0x00000000ecc7dd08,0x00000000ecc80000)
  to   space 8192K, 0% used [0x00000000ef100000,0x00000000ef100000,0x00000000ef900000)
 ParOldGen       total 42496K, used 12910K [0x00000000c0000000, 0x00000000c2980000, 0x00000000eab00000)
  object space 42496K, 30% used [0x00000000c0000000,0x00000000c0c9bb98,0x00000000c2980000)
 Metaspace       used 6204K, capacity 7088K, committed 7296K, reserved 1056768K
  class space    used 593K, capacity 616K, committed 640K, reserved 1048576K
Event: 135,655 GC heap after
Heap after GC invocations=6 (full 0):
 PSYoungGen      total 70656K, used 7837K [0x00000000eab00000, 0x00000000efb00000, 0x0000000100000000)
  eden space 62464K, 0% used [0x00000000eab00000,0x00000000eab00000,0x00000000ee800000)
  from space 8192K, 95% used [0x00000000ef100000,0x00000000ef8a75a8,0x00000000ef900000)
  to   space 9216K, 0% used [0x00000000ee800000,0x00000000ee800000,0x00000000ef100000)
 ParOldGen       total 42496K, used 12910K [0x00000000c0000000, 0x00000000c2980000, 0x00000000eab00000)
  object space 42496K, 30% used [0x00000000c0000000,0x00000000c0c9bb98,0x00000000c2980000)
 Metaspace       used 6204K, capacity 7088K, committed 7296K, reserved 1056768K
  class space    used 593K, capacity 616K, committed 640K, reserved 1048576K
}
Event: 139,728 GC heap before
{Heap before GC invocations=7 (full 0):
 PSYoungGen      total 70656K, used 70301K [0x00000000eab00000, 0x00000000efb00000, 0x0000000100000000)
  eden space 62464K, 100% used [0x00000000eab00000,0x00000000ee800000,0x00000000ee800000)
  from space 8192K, 95% used [0x00000000ef100000,0x00000000ef8a75a8,0x00000000ef900000)
  to   space 9216K, 0% used [0x00000000ee800000,0x00000000ee800000,0x00000000ef100000)
 ParOldGen       total 42496K, used 12910K [0x00000000c0000000, 0x00000000c2980000, 0x00000000eab00000)
  object space 42496K, 30% used [0x00000000c0000000,0x00000000c0c9bb98,0x00000000c2980000)
 Metaspace       used 6354K, capacity 7192K, committed 7424K, reserved 1056768K
  class space    used 614K, capacity 656K, committed 768K, reserved 1048576K

Deoptimization events (10 events):
Event: 135,537 Thread 0x00007f34b414e000 Uncommon trap: reason=unstable_if action=reinterpret pc=0x00007f34a540ba3c method=com.android.dx.ssa.SsaMethod.updateOneDefinition(Lcom/android/dx/ssa/SsaInsn;Lcom/android/dx/rop/code/RegisterSpec;)V @ 4
Event: 138,594 Thread 0x00007f34b414e000 Uncommon trap: reason=class_check action=maybe_recompile pc=0x00007f34a5584c28 method=com.android.dx.rop.code.RegisterSpec.withSimpleType()Lcom/android/dx/rop/code/RegisterSpec; @ 21
Event: 138,594 Thread 0x00007f34b414e000 Uncommon trap: reason=class_check action=maybe_recompile pc=0x00007f34a5584c28 method=com.android.dx.rop.code.RegisterSpec.withSimpleType()Lcom/android/dx/rop/code/RegisterSpec; @ 21
Event: 138,611 Thread 0x00007f34b414e000 Uncommon trap: reason=bimorphic action=maybe_recompile pc=0x00007f34a5525a6c method=java.util.HashMap.putVal(ILjava/lang/Object;Ljava/lang/Object;ZZ)Ljava/lang/Object; @ 203
Event: 138,611 Thread 0x00007f34b414e000 Uncommon trap: reason=bimorphic action=maybe_recompile pc=0x00007f34a5525a6c method=java.util.HashMap.putVal(ILjava/lang/Object;Ljava/lang/Object;ZZ)Ljava/lang/Object; @ 203
Event: 138,614 Thread 0x00007f34b414e000 Uncommon trap: reason=unstable_if action=reinterpret pc=0x00007f34a5371420 method=java.util.HashMap.putVal(ILjava/lang/Object;Ljava/lang/Object;ZZ)Ljava/lang/Object; @ 162
Event: 139,252 Thread 0x00007f34b414d000 Uncommon trap: reason=bimorphic action=maybe_recompile pc=0x00007f34a55961e0 method=com.android.dx.ssa.LiteralOpUpgrader.tryReplacingWithConstant(Lcom/android/dx/ssa/NormalSsaInsn;)Z @ 62
Event: 139,269 Thread 0x00007f34b414e000 Uncommon trap: reason=unstable_if action=reinterpret pc=0x00007f34a521e330 method=java.util.HashMap.getNode(ILjava/lang/Object;)Ljava/util/HashMap$Node; @ 84
Event: 139,280 Thread 0x00007f34b414e000 Uncommon trap: reason=unstable_if action=reinterpret pc=0x00007f34a5525594 method=java.util.HashMap.putVal(ILjava/lang/Object;Ljava/lang/Object;ZZ)Ljava/lang/Object; @ 162
Event: 139,305 Thread 0x00007f34b414f800 Uncommon trap: reason=unstable_if action=reinterpret pc=0x00007f34a573a22c method=com.android.dx.cf.code.Ropper.processBlock(Lcom/android/dx/cf/code/ByteBlock;Lcom/android/dx/cf/code/Frame;[I)V @ 413

Internal exceptions (7 events):
Event: 0,181 Thread 0x00007f34b400a000 Exception <a 'java/lang/NoSuchMethodError': Method sun.misc.Unsafe.defineClass(Ljava/lang/String;[BII)Ljava/lang/Class; name or signature does not match> (0x00000000eab07cc0) thrown at [/HUDSON/workspace/8-2-build-linux-amd64/jdk8u91/6644/hotspot/src/shar
Event: 0,181 Thread 0x00007f34b400a000 Exception <a 'java/lang/NoSuchMethodError': Method sun.misc.Unsafe.prefetchRead(Ljava/lang/Object;J)V name or signature does not match> (0x00000000eab07fa8) thrown at [/HUDSON/workspace/8-2-build-linux-amd64/jdk8u91/6644/hotspot/src/share/vm/prims/jni.cpp
Event: 4,771 Thread 0x00007f34b414e000 Implicit null exception at 0x00007f34a52c332c to 0x00007f34a52c61ed
Event: 4,771 Thread 0x00007f34b414d000 Implicit null exception at 0x00007f34a52c332c to 0x00007f34a52c61ed
Event: 139,056 Thread 0x00007f34b414e000 Exception <a 'java/lang/ArrayIndexOutOfBoundsException': 18> (0x00000000ed2bddf8) thrown at [/HUDSON/workspace/8-2-build-linux-amd64/jdk8u91/6644/hotspot/src/share/vm/interpreter/interpreterRuntime.cpp, line 366]
Event: 139,058 Thread 0x00007f34b414e000 Exception <a 'java/lang/ArrayIndexOutOfBoundsException': 145> (0x00000000ed2bf978) thrown at [/HUDSON/workspace/8-2-build-linux-amd64/jdk8u91/6644/hotspot/src/share/vm/interpreter/interpreterRuntime.cpp, line 366]
Event: 139,195 Thread 0x00007f34b414e000 Exception <a 'java/lang/ArrayIndexOutOfBoundsException': 40> (0x00000000ed2c0c60) thrown at [/HUDSON/workspace/8-2-build-linux-amd64/jdk8u91/6644/hotspot/src/share/vm/interpreter/interpreterRuntime.cpp, line 366]

Events (10 events):
Event: 139,269 Thread 0x00007f34b414e000 Uncommon trap: trap_request=0xffffff65 fr.pc=0x00007f34a521e330
Event: 139,269 Thread 0x00007f34b414e000 DEOPT PACKING pc=0x00007f34a521e330 sp=0x00007f34a0debda0
Event: 139,269 Thread 0x00007f34b414e000 DEOPT UNPACKING pc=0x00007f34a5005229 sp=0x00007f34a0debd38 mode 2
Event: 139,280 Thread 0x00007f34b414e000 Uncommon trap: trap_request=0xffffff65 fr.pc=0x00007f34a5525594
Event: 139,280 Thread 0x00007f34b414e000 DEOPT PACKING pc=0x00007f34a5525594 sp=0x00007f34a0debe80
Event: 139,280 Thread 0x00007f34b414e000 DEOPT UNPACKING pc=0x00007f34a5005229 sp=0x00007f34a0debe28 mode 2
Event: 139,305 Thread 0x00007f34b414f800 Uncommon trap: trap_request=0xffffff65 fr.pc=0x00007f34a573a22c
Event: 139,305 Thread 0x00007f34b414f800 DEOPT PACKING pc=0x00007f34a573a22c sp=0x00007f34a0ceb110
Event: 139,305 Thread 0x00007f34b414f800 DEOPT UNPACKING pc=0x00007f34a5005229 sp=0x00007f34a0ceb0d8 mode 2
Event: 139,728 Executing VM operation: ParallelGCFailedAllocation


Dynamic libraries:
00400000-00401000 r-xp 00000000 08:03 17696671                           /usr/lib/jvm/java-8-oracle/bin/java
00600000-00601000 rw-p 00000000 08:03 17696671                           /usr/lib/jvm/java-8-oracle/bin/java
010c7000-010e8000 rw-p 00000000 00:00 0                                  [heap]
c0000000-c2980000 rw-p 00000000 00:00 0 
c2980000-eab00000 ---p 00000000 00:00 0 
eab00000-efb00000 rw-p 00000000 00:00 0 
f4000000-100000000 ---p 00000000 00:00 0 
100000000-1000c0000 rw-p 00000000 00:00 0 
1000c0000-140000000 ---p 00000000 00:00 0 
7f3454000000-7f3454027000 rw-p 00000000 00:00 0 
7f3454027000-7f3458000000 ---p 00000000 00:00 0 
7f345c000000-7f345c021000 rw-p 00000000 00:00 0 
7f345c021000-7f3460000000 ---p 00000000 00:00 0 
7f3460000000-7f3460021000 rw-p 00000000 00:00 0 
7f3460021000-7f3464000000 ---p 00000000 00:00 0 
7f3464000000-7f3464026000 rw-p 00000000 00:00 0 
7f3464026000-7f3468000000 ---p 00000000 00:00 0 
7f3468000000-7f3468021000 rw-p 00000000 00:00 0 
7f3468021000-7f346c000000 ---p 00000000 00:00 0 
7f346c000000-7f346c021000 rw-p 00000000 00:00 0 
7f346c021000-7f3470000000 ---p 00000000 00:00 0 
7f3470000000-7f3470021000 rw-p 00000000 00:00 0 
7f3470021000-7f3474000000 ---p 00000000 00:00 0 
7f3474000000-7f3474f00000 rw-p 00000000 00:00 0 
7f3474f00000-7f3478000000 ---p 00000000 00:00 0 
7f3478000000-7f3478722000 rw-p 00000000 00:00 0 
7f3478722000-7f347c000000 ---p 00000000 00:00 0 
7f347c000000-7f347c021000 rw-p 00000000 00:00 0 
7f347c021000-7f3480000000 ---p 00000000 00:00 0 
7f3480000000-7f3481173000 rw-p 00000000 00:00 0 
7f3481173000-7f3484000000 ---p 00000000 00:00 0 
7f3484000000-7f3484021000 rw-p 00000000 00:00 0 
7f3484021000-7f3488000000 ---p 00000000 00:00 0 
7f3488000000-7f3488021000 rw-p 00000000 00:00 0 
7f3488021000-7f348c000000 ---p 00000000 00:00 0 
7f348c000000-7f348c021000 rw-p 00000000 00:00 0 
7f348c021000-7f3490000000 ---p 00000000 00:00 0 
7f3490000000-7f349028f000 rw-p 00000000 00:00 0 
7f349028f000-7f3494000000 ---p 00000000 00:00 0 
7f3494000000-7f3494021000 rw-p 00000000 00:00 0 
7f3494021000-7f3498000000 ---p 00000000 00:00 0 
7f3498000000-7f3498021000 rw-p 00000000 00:00 0 
7f3498021000-7f349c000000 ---p 00000000 00:00 0 
7f349c000000-7f349c021000 rw-p 00000000 00:00 0 
7f349c021000-7f34a0000000 ---p 00000000 00:00 0 
7f34a0bc2000-7f34a0bc9000 r--s 00000000 08:03 18094889                   /usr/lib/x86_64-linux-gnu/gconv/gconv-modules.cache
7f34a0bc9000-7f34a0bec000 r--p 00000000 08:03 19013500                   /usr/share/locale-langpack/it/LC_MESSAGES/libc.mo
7f34a0bec000-7f34a0bef000 ---p 00000000 00:00 0 
7f34a0bef000-7f34a0ced000 rw-p 00000000 00:00 0                          [stack:8808]
7f34a0ced000-7f34a0cf0000 ---p 00000000 00:00 0 
7f34a0cf0000-7f34a0dee000 rw-p 00000000 00:00 0                          [stack:8807]
7f34a0dee000-7f34a0df1000 ---p 00000000 00:00 0 
7f34a0df1000-7f34a0eef000 rw-p 00000000 00:00 0                          [stack:8806]
7f34a0eef000-7f34a0ef2000 ---p 00000000 00:00 0 
7f34a0ef2000-7f34a0ff0000 rw-p 00000000 00:00 0                          [stack:8805]
7f34a0ff0000-7f34a0ff3000 ---p 00000000 00:00 0 
7f34a0ff3000-7f34a10f1000 rw-p 00000000 00:00 0                          [stack:8804]
7f34a10f1000-7f34a1100000 r--s 000df000 08:03 15077359                   /home/michele/Android/Sdk/build-tools/23.0.2/lib/dx.jar
7f34a1100000-7f34a1101000 ---p 00000000 00:00 0 
7f34a1101000-7f34a1201000 rw-p 00000000 00:00 0                          [stack:8802]
7f34a1201000-7f34a1204000 ---p 00000000 00:00 0 
7f34a1204000-7f34a1302000 rw-p 00000000 00:00 0                          [stack:8801]
7f34a1302000-7f34a1305000 ---p 00000000 00:00 0 
7f34a1305000-7f34a1403000 rw-p 00000000 00:00 0                          [stack:8800]
7f34a1403000-7f34a1406000 ---p 00000000 00:00 0 
7f34a1406000-7f34a1504000 rw-p 00000000 00:00 0                          [stack:8799]
7f34a1504000-7f34a1507000 ---p 00000000 00:00 0 
7f34a1507000-7f34a1605000 rw-p 00000000 00:00 0                          [stack:8798]
7f34a1605000-7f34a1608000 ---p 00000000 00:00 0 
7f34a1608000-7f34a1706000 rw-p 00000000 00:00 0                          [stack:8797]
7f34a1706000-7f34a19d1000 r--p 00000000 08:03 17570021                   /usr/lib/locale/locale-archive
7f34a19d1000-7f34a19d4000 ---p 00000000 00:00 0 
7f34a19d4000-7f34a1ad2000 rw-p 00000000 00:00 0                          [stack:8796]
7f34a1ad2000-7f34a1ad5000 ---p 00000000 00:00 0 
7f34a1ad5000-7f34a1bd3000 rw-p 00000000 00:00 0                          [stack:8795]
7f34a1bd3000-7f34a1bd4000 ---p 00000000 00:00 0 
7f34a1bd4000-7f34a2e80000 rw-p 00000000 00:00 0                          [stack:8794]
7f34a2e80000-7f34a3000000 ---p 00000000 00:00 0 
7f34a3000000-7f34a5000000 rw-p 00000000 00:00 0 
7f34a5000000-7f34a5820000 rwxp 00000000 00:00 0 
7f34a5820000-7f34b4000000 ---p 00000000 00:00 0 
7f34b4000000-7f34b4390000 rw-p 00000000 00:00 0 
7f34b4390000-7f34b8000000 ---p 00000000 00:00 0 
7f34b8003000-7f34b800c000 r--s 0008c000 08:03 2230149                    /home/michele/AndroidStudioProjects/LSApp/app/build/intermediates/exploded-aar/com.android.support/appcompat-v7/23.4.0/jars/classes.jar
7f34b800c000-7f34b8494000 rw-p 00000000 00:00 0 
7f34b8494000-7f34b866d000 r--s 03d1f000 08:03 17826527                   /usr/lib/jvm/java-8-oracle/jre/lib/rt.jar
7f34b866d000-7f34b88e3000 rw-p 00000000 00:00 0 
7f34b88e3000-7f34b88e4000 ---p 00000000 00:00 0 
7f34b88e4000-7f34b89e4000 rw-p 00000000 00:00 0                          [stack:8793]
7f34b89e4000-7f34b89e5000 ---p 00000000 00:00 0 
7f34b89e5000-7f34b8ae5000 rw-p 00000000 00:00 0                          [stack:8792]
7f34b8ae5000-7f34b8ae6000 ---p 00000000 00:00 0 
7f34b8ae6000-7f34b8be6000 rw-p 00000000 00:00 0                          [stack:8790]
7f34b8be6000-7f34b8be7000 ---p 00000000 00:00 0 
7f34b8be7000-7f34b8cfc000 rw-p 00000000 00:00 0                          [stack:8789]
7f34b8cfc000-7f34b8e3d000 ---p 00000000 00:00 0 
7f34b8e3d000-7f34b8e52000 rw-p 00000000 00:00 0 
7f34b8e52000-7f34b8f92000 ---p 00000000 00:00 0 
7f34b8f92000-7f34b8fbb000 rw-p 00000000 00:00 0 
7f34b8fbb000-7f34b903d000 ---p 00000000 00:00 0 
7f34b903d000-7f34b905f000 rw-p 00000000 00:00 0 
7f34b905f000-7f34b93fe000 ---p 00000000 00:00 0 
7f34b93fe000-7f34b9418000 r-xp 00000000 08:03 17964318                   /usr/lib/jvm/java-8-oracle/jre/lib/amd64/libzip.so
7f34b9418000-7f34b9618000 ---p 0001a000 08:03 17964318                   /usr/lib/jvm/java-8-oracle/jre/lib/amd64/libzip.so
7f34b9618000-7f34b9619000 rw-p 0001a000 08:03 17964318                   /usr/lib/jvm/java-8-oracle/jre/lib/amd64/libzip.so
7f34b9619000-7f34b9624000 r-xp 00000000 08:03 8917508                    /lib/x86_64-linux-gnu/libnss_files-2.19.so
7f34b9624000-7f34b9823000 ---p 0000b000 08:03 8917508                    /lib/x86_64-linux-gnu/libnss_files-2.19.so
7f34b9823000-7f34b9824000 r--p 0000a000 08:03 8917508                    /lib/x86_64-linux-gnu/libnss_files-2.19.so
7f34b9824000-7f34b9825000 rw-p 0000b000 08:03 8917508                    /lib/x86_64-linux-gnu/libnss_files-2.19.so
7f34b9825000-7f34b9830000 r-xp 00000000 08:03 8917500                    /lib/x86_64-linux-gnu/libnss_nis-2.19.so
7f34b9830000-7f34b9a2f000 ---p 0000b000 08:03 8917500                    /lib/x86_64-linux-gnu/libnss_nis-2.19.so
7f34b9a2f000-7f34b9a30000 r--p 0000a000 08:03 8917500                    /lib/x86_64-linux-gnu/libnss_nis-2.19.so
7f34b9a30000-7f34b9a31000 rw-p 0000b000 08:03 8917500                    /lib/x86_64-linux-gnu/libnss_nis-2.19.so
7f34b9a31000-7f34b9a48000 r-xp 00000000 08:03 8917348                    /lib/x86_64-linux-gnu/libnsl-2.19.so
7f34b9a48000-7f34b9c47000 ---p 00017000 08:03 8917348                    /lib/x86_64-linux-gnu/libnsl-2.19.so
7f34b9c47000-7f34b9c48000 r--p 00016000 08:03 8917348                    /lib/x86_64-linux-gnu/libnsl-2.19.so
7f34b9c48000-7f34b9c49000 rw-p 00017000 08:03 8917348                    /lib/x86_64-linux-gnu/libnsl-2.19.so
7f34b9c49000-7f34b9c4b000 rw-p 00000000 00:00 0 
7f34b9c4b000-7f34b9c54000 r-xp 00000000 08:03 8917327                    /lib/x86_64-linux-gnu/libnss_compat-2.19.so
7f34b9c54000-7f34b9e53000 ---p 00009000 08:03 8917327                    /lib/x86_64-linux-gnu/libnss_compat-2.19.so
7f34b9e53000-7f34b9e54000 r--p 00008000 08:03 8917327                    /lib/x86_64-linux-gnu/libnss_compat-2.19.so
7f34b9e54000-7f34b9e55000 rw-p 00009000 08:03 8917327                    /lib/x86_64-linux-gnu/libnss_compat-2.19.so
7f34b9e55000-7f34b9e7f000 r-xp 00000000 08:03 17964315                   /usr/lib/jvm/java-8-oracle/jre/lib/amd64/libjava.so
7f34b9e7f000-7f34ba07f000 ---p 0002a000 08:03 17964315                   /usr/lib/jvm/java-8-oracle/jre/lib/amd64/libjava.so
7f34ba07f000-7f34ba081000 rw-p 0002a000 08:03 17964315                   /usr/lib/jvm/java-8-oracle/jre/lib/amd64/libjava.so
7f34ba081000-7f34ba08e000 r-xp 00000000 08:03 17964372                   /usr/lib/jvm/java-8-oracle/jre/lib/amd64/libverify.so
7f34ba08e000-7f34ba28e000 ---p 0000d000 08:03 17964372                   /usr/lib/jvm/java-8-oracle/jre/lib/amd64/libverify.so
7f34ba28e000-7f34ba290000 rw-p 0000d000 08:03 17964372                   /usr/lib/jvm/java-8-oracle/jre/lib/amd64/libverify.so
7f34ba290000-7f34ba297000 r-xp 00000000 08:03 8917504                    /lib/x86_64-linux-gnu/librt-2.19.so
7f34ba297000-7f34ba496000 ---p 00007000 08:03 8917504                    /lib/x86_64-linux-gnu/librt-2.19.so
7f34ba496000-7f34ba497000 r--p 00006000 08:03 8917504                    /lib/x86_64-linux-gnu/librt-2.19.so
7f34ba497000-7f34ba498000 rw-p 00007000 08:03 8917504                    /lib/x86_64-linux-gnu/librt-2.19.so
7f34ba498000-7f34ba59d000 r-xp 00000000 08:03 8917238                    /lib/x86_64-linux-gnu/libm-2.19.so
7f34ba59d000-7f34ba79c000 ---p 00105000 08:03 8917238                    /lib/x86_64-linux-gnu/libm-2.19.so
7f34ba79c000-7f34ba79d000 r--p 00104000 08:03 8917238                    /lib/x86_64-linux-gnu/libm-2.19.so
7f34ba79d000-7f34ba79e000 rw-p 00105000 08:03 8917238                    /lib/x86_64-linux-gnu/libm-2.19.so
7f34ba79e000-7f34bb45e000 r-xp 00000000 08:03 17964392                   /usr/lib/jvm/java-8-oracle/jre/lib/amd64/server/libjvm.so
7f34bb45e000-7f34bb65e000 ---p 00cc0000 08:03 17964392                   /usr/lib/jvm/java-8-oracle/jre/lib/amd64/server/libjvm.so
7f34bb65e000-7f34bb736000 rw-p 00cc0000 08:03 17964392                   /usr/lib/jvm/java-8-oracle/jre/lib/amd64/server/libjvm.so
7f34bb736000-7f34bb781000 rw-p 00000000 00:00 0 
7f34bb781000-7f34bb93c000 r-xp 00000000 08:03 8917505                    /lib/x86_64-linux-gnu/libc-2.19.so
7f34bb93c000-7f34bbb3b000 ---p 001bb000 08:03 8917505                    /lib/x86_64-linux-gnu/libc-2.19.so
7f34bbb3b000-7f34bbb3f000 r--p 001ba000 08:03 8917505                    /lib/x86_64-linux-gnu/libc-2.19.so
7f34bbb3f000-7f34bbb41000 rw-p 001be000 08:03 8917505                    /lib/x86_64-linux-gnu/libc-2.19.so
7f34bbb41000-7f34bbb46000 rw-p 00000000 00:00 0 
7f34bbb46000-7f34bbb49000 r-xp 00000000 08:03 8917240                    /lib/x86_64-linux-gnu/libdl-2.19.so
7f34bbb49000-7f34bbd48000 ---p 00003000 08:03 8917240                    /lib/x86_64-linux-gnu/libdl-2.19.so
7f34bbd48000-7f34bbd49000 r--p 00002000 08:03 8917240                    /lib/x86_64-linux-gnu/libdl-2.19.so
7f34bbd49000-7f34bbd4a000 rw-p 00003000 08:03 8917240                    /lib/x86_64-linux-gnu/libdl-2.19.so
7f34bbd4a000-7f34bbd5f000 r-xp 00000000 08:03 17826406                   /usr/lib/jvm/java-8-oracle/lib/amd64/jli/libjli.so
7f34bbd5f000-7f34bbf5f000 ---p 00015000 08:03 17826406                   /usr/lib/jvm/java-8-oracle/lib/amd64/jli/libjli.so
7f34bbf5f000-7f34bbf60000 rw-p 00015000 08:03 17826406                   /usr/lib/jvm/java-8-oracle/lib/amd64/jli/libjli.so
7f34bbf60000-7f34bbf79000 r-xp 00000000 08:03 8917489                    /lib/x86_64-linux-gnu/libpthread-2.19.so
7f34bbf79000-7f34bc178000 ---p 00019000 08:03 8917489                    /lib/x86_64-linux-gnu/libpthread-2.19.so
7f34bc178000-7f34bc179000 r--p 00018000 08:03 8917489                    /lib/x86_64-linux-gnu/libpthread-2.19.so
7f34bc179000-7f34bc17a000 rw-p 00019000 08:03 8917489                    /lib/x86_64-linux-gnu/libpthread-2.19.so
7f34bc17a000-7f34bc17e000 rw-p 00000000 00:00 0 
7f34bc17e000-7f34bc1a1000 r-xp 00000000 08:03 8917498                    /lib/x86_64-linux-gnu/ld-2.19.so
7f34bc1a6000-7f34bc278000 rw-p 00000000 00:00 0 
7f34bc278000-7f34bc27b000 ---p 00000000 00:00 0 
7f34bc27b000-7f34bc37d000 rw-p 00000000 00:00 0                          [stack:8787]
7f34bc37f000-7f34bc394000 rw-p 00000000 00:00 0 
7f34bc394000-7f34bc39c000 rw-s 00000000 08:03 9175830                    /tmp/hsperfdata_michele/8785
7f34bc39c000-7f34bc39d000 rw-p 00000000 00:00 0 
7f34bc39d000-7f34bc39e000 ---p 00000000 00:00 0 
7f34bc39e000-7f34bc3a0000 rw-p 00000000 00:00 0 
7f34bc3a0000-7f34bc3a1000 r--p 00022000 08:03 8917498                    /lib/x86_64-linux-gnu/ld-2.19.so
7f34bc3a1000-7f34bc3a2000 rw-p 00023000 08:03 8917498                    /lib/x86_64-linux-gnu/ld-2.19.so
7f34bc3a2000-7f34bc3a3000 rw-p 00000000 00:00 0 
7ffe504b7000-7ffe504d8000 rw-p 00000000 00:00 0                          [stack]
7ffe5052d000-7ffe5052f000 r--p 00000000 00:00 0                          [vvar]
7ffe5052f000-7ffe50531000 r-xp 00000000 00:00 0                          [vdso]
ffffffffff600000-ffffffffff601000 r-xp 00000000 00:00 0                  [vsyscall]

VM Arguments:
jvm_args: -Djava.awt.headless=true -Xmx1024M -Dfile.encoding=UTF-8 -Duser.country=IT -Duser.language=it -Duser.variant 
java_command: com.android.dx.command.Main --dex --force-jumbo --num-threads=4 --multi-dex --output /home/michele/AndroidStudioProjects/LSApp/app/build/intermediates/transforms/dex/debug/folders/1000/10/com.android.support-appcompat-v7-23.4.0_f9894461f5afa12893971ae29722ce9972227b31 /home/michele/AndroidStudioProjects/LSApp/app/build/intermediates/exploded-aar/com.android.support/appcompat-v7/23.4.0/jars/classes.jar
java_class_path (initial): /home/michele/Android/Sdk/build-tools/23.0.2/lib/dx.jar
Launcher Type: SUN_STANDARD

Environment Variables:
PATH=/usr/local/sbin:/usr/local/bin:/usr/sbin:/usr/bin:/sbin:/bin:/usr/games:/usr/local/games
USERNAME=michele
LD_LIBRARY_PATH=/home/michele/Scrivania/Programmi/android-studio/bin:
SHELL=/bin/bash
DISPLAY=:0

Signal Handlers:
SIGSEGV: [libjvm.so+0xabca10], sa_mask[0]=11111111011111111101111111111110, sa_flags=SA_RESTART|SA_SIGINFO
SIGBUS: [libjvm.so+0xabca10], sa_mask[0]=11111111011111111101111111111110, sa_flags=SA_RESTART|SA_SIGINFO
SIGFPE: [libjvm.so+0x919a20], sa_mask[0]=11111111011111111101111111111110, sa_flags=SA_RESTART|SA_SIGINFO
SIGPIPE: [libjvm.so+0x919a20], sa_mask[0]=11111111011111111101111111111110, sa_flags=SA_RESTART|SA_SIGINFO
SIGXFSZ: [libjvm.so+0x919a20], sa_mask[0]=11111111011111111101111111111110, sa_flags=SA_RESTART|SA_SIGINFO
SIGILL: [libjvm.so+0x919a20], sa_mask[0]=11111111011111111101111111111110, sa_flags=SA_RESTART|SA_SIGINFO
SIGUSR1: SIG_DFL, sa_mask[0]=00000000000000000000000000000000, sa_flags=none
SIGUSR2: [libjvm.so+0x91b050], sa_mask[0]=00100000000000000000000000000000, sa_flags=SA_RESTART|SA_SIGINFO
SIGHUP: [libjvm.so+0x91c450], sa_mask[0]=11111111011111111101111111111110, sa_flags=SA_RESTART|SA_SIGINFO
SIGINT: [libjvm.so+0x91c450], sa_mask[0]=11111111011111111101111111111110, sa_flags=SA_RESTART|SA_SIGINFO
SIGTERM: [libjvm.so+0x91c450], sa_mask[0]=11111111011111111101111111111110, sa_flags=SA_RESTART|SA_SIGINFO
SIGQUIT: [libjvm.so+0x91c450], sa_mask[0]=11111111011111111101111111111110, sa_flags=SA_RESTART|SA_SIGINFO


---------------  S Y S T E M  ---------------

OS:DISTRIB_ID=LinuxMint
DISTRIB_RELEASE=17.3
DISTRIB_CODENAME=rosa
DISTRIB_DESCRIPTION="Linux Mint 17.3 Rosa"

uname:Linux 3.19.0-32-generic #37~14.04.1-Ubuntu SMP Thu Oct 22 09:41:40 UTC 2015 x86_64
libc:glibc 2.19 NPTL 2.19 
rlimit: STACK 8192k, CORE 0k, NPROC 15473, NOFILE 4096, AS infinity
load average:38,37 18,71 7,75

/proc/meminfo:
MemTotal:        3993212 kB
MemFree:          109444 kB
MemAvailable:      51392 kB
Buffers:             616 kB
Cached:           156164 kB
SwapCached:            0 kB
Active:          3596376 kB
Inactive:         137508 kB
Active(anon):    3592364 kB
Inactive(anon):   125904 kB
Active(file):       4012 kB
Inactive(file):    11604 kB
Unevictable:           0 kB
Mlocked:               0 kB
SwapTotal:             0 kB
SwapFree:              0 kB
Dirty:               196 kB
Writeback:             4 kB
AnonPages:       3577748 kB
Mapped:            40316 kB
Shmem:            140520 kB
Slab:              67284 kB
SReclaimable:      37220 kB
SUnreclaim:        30064 kB
KernelStack:        9184 kB
PageTables:        28684 kB
NFS_Unstable:          0 kB
Bounce:                0 kB
WritebackTmp:          0 kB
CommitLimit:     1996604 kB
Committed_AS:    5412560 kB
VmallocTotal:   34359738367 kB
VmallocUsed:      555712 kB
VmallocChunk:   34359175164 kB
HardwareCorrupted:     0 kB
AnonHugePages:   1976320 kB
CmaTotal:              0 kB
CmaFree:               0 kB
HugePages_Total:       0
HugePages_Free:        0
HugePages_Rsvd:        0
HugePages_Surp:        0
Hugepagesize:       2048 kB
DirectMap4k:      112896 kB
DirectMap2M:     4028416 kB


CPU:total 4 (2 cores per cpu, 2 threads per core) family 6 model 42 stepping 7, cmov, cx8, fxsr, mmx, sse, sse2, sse3, ssse3, sse4.1, sse4.2, popcnt, avx, clmul, ht, tsc, tscinvbit

/proc/cpuinfo:
processor	: 0
vendor_id	: GenuineIntel
cpu family	: 6
model		: 42
model name	: Intel(R) Core(TM) i5-2410M CPU @ 2.30GHz
stepping	: 7
microcode	: 0x14
cpu MHz		: 799.968
cache size	: 3072 KB
physical id	: 0
siblings	: 4
core id		: 0
cpu cores	: 2
apicid		: 0
initial apicid	: 0
fpu		: yes
fpu_exception	: yes
cpuid level	: 13
wp		: yes
flags		: fpu vme de pse tsc msr pae mce cx8 apic sep mtrr pge mca cmov pat pse36 clflush dts acpi mmx fxsr sse sse2 ss ht tm pbe syscall nx rdtscp lm constant_tsc arch_perfmon pebs bts rep_good nopl xtopology nonstop_tsc aperfmperf eagerfpu pni pclmulqdq dtes64 monitor ds_cpl vmx est tm2 ssse3 cx16 xtpr pdcm pcid sse4_1 sse4_2 x2apic popcnt tsc_deadline_timer xsave avx lahf_lm ida arat epb pln pts dtherm tpr_shadow vnmi flexpriority ept vpid xsaveopt
bugs		:
bogomips	: 4589.47
clflush size	: 64
cache_alignment	: 64
address sizes	: 36 bits physical, 48 bits virtual
power management:

processor	: 1
vendor_id	: GenuineIntel
cpu family	: 6
model		: 42
model name	: Intel(R) Core(TM) i5-2410M CPU @ 2.30GHz
stepping	: 7
microcode	: 0x14
cpu MHz		: 799.968
cache size	: 3072 KB
physical id	: 0
siblings	: 4
core id		: 0
cpu cores	: 2
apicid		: 1
initial apicid	: 1
fpu		: yes
fpu_exception	: yes
cpuid level	: 13
wp		: yes
flags		: fpu vme de pse tsc msr pae mce cx8 apic sep mtrr pge mca cmov pat pse36 clflush dts acpi mmx fxsr sse sse2 ss ht tm pbe syscall nx rdtscp lm constant_tsc arch_perfmon pebs bts rep_good nopl xtopology nonstop_tsc aperfmperf eagerfpu pni pclmulqdq dtes64 monitor ds_cpl vmx est tm2 ssse3 cx16 xtpr pdcm pcid sse4_1 sse4_2 x2apic popcnt tsc_deadline_timer xsave avx lahf_lm ida arat epb pln pts dtherm tpr_shadow vnmi flexpriority ept vpid xsaveopt
bugs		:
bogomips	: 4589.47
clflush size	: 64
cache_alignment	: 64
address sizes	: 36 bits physical, 48 bits virtual
power management:

processor	: 2
vendor_id	: GenuineIntel
cpu family	: 6
model		: 42
model name	: Intel(R) Core(TM) i5-2410M CPU @ 2.30GHz
stepping	: 7
microcode	: 0x14
cpu MHz		: 805.628
cache size	: 3072 KB
physical id	: 0
siblings	: 4
core id		: 1
cpu cores	: 2
apicid		: 2
initial apicid	: 2
fpu		: yes
fpu_exception	: yes
cpuid level	: 13
wp		: yes
flags		: fpu vme de pse tsc msr pae mce cx8 apic sep mtrr pge mca cmov pat pse36 clflush dts acpi mmx fxsr sse sse2 ss ht tm pbe syscall nx rdtscp lm constant_tsc arch_perfmon pebs bts rep_good nopl xtopology nonstop_tsc aperfmperf eagerfpu pni pclmulqdq dtes64 monitor ds_cpl vmx est tm2 ssse3 cx16 xtpr pdcm pcid sse4_1 sse4_2 x2apic popcnt tsc_deadline_timer xsave avx lahf_lm ida arat epb pln pts dtherm tpr_shadow vnmi flexpriority ept vpid xsaveopt
bugs		:
bogomips	: 4589.47
clflush size	: 64
cache_alignment	: 64
address sizes	: 36 bits physical, 48 bits virtual
power management:

processor	: 3
vendor_id	: GenuineIntel
cpu family	: 6
model		: 42
model name	: Intel(R) Core(TM) i5-2410M CPU @ 2.30GHz
stepping	: 7
microcode	: 0x14
cpu MHz		: 800.597
cache size	: 3072 KB
physical id	: 0
siblings	: 4
core id		: 1
cpu cores	: 2
apicid		: 3
initial apicid	: 3
fpu		: yes
fpu_exception	: yes
cpuid level	: 13
wp		: yes
flags		: fpu vme de pse tsc msr pae mce cx8 apic sep mtrr pge mca cmov pat pse36 clflush dts acpi mmx fxsr sse sse2 ss ht tm pbe syscall nx rdtscp lm constant_tsc arch_perfmon pebs bts rep_good nopl xtopology nonstop_tsc aperfmperf eagerfpu pni pclmulqdq dtes64 monitor ds_cpl vmx est tm2 ssse3 cx16 xtpr pdcm pcid sse4_1 sse4_2 x2apic popcnt tsc_deadline_timer xsave avx lahf_lm ida arat epb pln pts dtherm tpr_shadow vnmi flexpriority ept vpid xsaveopt
bugs		:
bogomips	: 4589.47
clflush size	: 64
cache_alignment	: 64
address sizes	: 36 bits physical, 48 bits virtual
power management:



Memory: 4k page, physical 3993212k(109196k free), swap 0k(0k free)

vm_info: Java HotSpot(TM) 64-Bit Server VM (25.91-b14) for linux-amd64 JRE (1.8.0_91-b14), built on Apr  1 2016 00:57:21 by "java_re" with gcc 4.3.0 20080428 (Red Hat 4.3.0-8)

time: Fri May 20 17:24:25 2016
elapsed time: 160 seconds (0d 0h 2m 40s)

